<?xml version="1.0" encoding="UTF-8"?>
<!-- Generated by org.testng.reporters.JUnitReportReporter -->
<testsuite skipped="0" hostname="LAPTOP-5F10D1SQ" name="com.testcases.DashBoardTest" tests="1" failures="0" timestamp="2021-05-26T19:30:41 IST" time="4.293" errors="0">
  <testcase name="dashBoard" time="4.293" classname="com.testcases.DashBoardTest"/>
  <system-out/>
</testsuite> <!-- com.testcases.DashBoardTest -->
