<?xml version="1.0" encoding="UTF-8"?>
<!-- Generated by org.testng.reporters.JUnitReportReporter -->
<testsuite skipped="0" hostname="LAPTOP-5F10D1SQ" name="com.testcases.DemoTest1" tests="1" failures="0" timestamp="2021-05-22T12:47:17 IST" time="4.065" errors="0">
  <testcase name="test01" time="4.065" classname="com.testcases.DemoTest1"/>
  <system-out/>
</testsuite> <!-- com.testcases.DemoTest1 -->
