<?xml version="1.0" encoding="UTF-8"?>
<!-- Generated by org.testng.reporters.JUnitReportReporter -->
<testsuite skipped="0" hostname="LAPTOP-5F10D1SQ" name="com.testcases.DemoUserTest" tests="1" failures="0" timestamp="15 May 2021 09:36:27 GMT" time="5.531" errors="0">
  <testcase name="test01" time="5.531" classname="com.testcases.DemoUserTest"/>
</testsuite> <!-- com.testcases.DemoUserTest -->
