<?xml version="1.0" encoding="UTF-8"?>
<!-- Generated by org.testng.reporters.JUnitReportReporter -->
<testsuite skipped="0" hostname="LAPTOP-5F10D1SQ" name="com.testcases.UserTest" tests="1" failures="0" timestamp="15 May 2021 03:00:22 GMT" time="6.265" errors="0">
  <testcase name="test01" time="6.265" classname="com.testcases.UserTest"/>
</testsuite> <!-- com.testcases.UserTest -->
